<?xml version="1.0" encoding="UTF-8"?>
<robot generator="Robot 3.2.2 (Python 3.7.0 on win32)" generated="20221209 13:39:38.080" rpa="false">
<suite id="s1" name="Credor-Robot-Framework" source="C:\Users\vmoha\git\credor-robot-framework">
<suite id="s1-s1" name="Requirements" source="C:\Users\vmoha\git\credor-robot-framework\Requirements">
<suite id="s1-s1-s1" name="REQ 001 Login Function" source="C:\Users\vmoha\git\credor-robot-framework\Requirements\REQ_001_Login_Function">
<suite id="s1-s1-s1-s1" name="E2E Test" source="C:\Users\vmoha\git\credor-robot-framework\Requirements\REQ_001_Login_Function\E2E_Test.robot">
<kw name="Set Screenshot Directory" library="SeleniumLibrary" type="setup">
<doc>Sets the directory for captured screenshots.</doc>
<arguments>
<arg>LOGDIR/Screenshots</arg>
</arguments>
<status status="PASS" starttime="20221209 13:39:38.330" endtime="20221209 13:39:38.330"></status>
</kw>
<test id="s1-s1-s1-s1-t1" name="Investor_Add_New_Profile">
<kw name="Set Selenium Speed" library="SeleniumLibrary" type="setup">
<doc>Sets the delay that is waited after each Selenium command.</doc>
<arguments>
<arg>0.3</arg>
</arguments>
<status status="PASS" starttime="20221209 13:39:38.331" endtime="20221209 13:39:38.332"></status>
</kw>
<kw name="App_Launch_KW" library="keywords">
<kw name="Open Browser" library="SeleniumLibrary">
<doc>Opens a new browser instance to the optional ``url``.</doc>
<arguments>
<arg>${url}</arg>
<arg>${browser}</arg>
</arguments>
<msg timestamp="20221209 13:39:38.333" level="INFO">Opening browser 'Chrome' to base url 'https://credor-app.azurewebsites.net/'.</msg>
<status status="PASS" starttime="20221209 13:39:38.333" endtime="20221209 13:40:22.514"></status>
</kw>
<kw name="Maximize Browser Window" library="SeleniumLibrary">
<doc>Maximizes current browser window.</doc>
<status status="PASS" starttime="20221209 13:40:22.514" endtime="20221209 13:40:22.947"></status>
</kw>
<status status="PASS" starttime="20221209 13:39:38.332" endtime="20221209 13:40:22.947"></status>
</kw>
<kw name="Investor_Login_KW" library="keywords">
<kw name="Input Text" library="SeleniumLibrary">
<doc>Types the given ``text`` into the text field identified by ``locator``.</doc>
<arguments>
<arg>${login_email}</arg>
<arg>${investor-user}</arg>
</arguments>
<msg timestamp="20221209 13:40:22.950" level="INFO">Typing text 'maheswari.mahendran@excelenciaconsulting.com' into text field '//input[@id='login_email']'.</msg>
<status status="PASS" starttime="20221209 13:40:22.950" endtime="20221209 13:40:24.007"></status>
</kw>
<kw name="Input Password" library="SeleniumLibrary">
<doc>Types the given password into the text field identified by ``locator``.</doc>
<arguments>
<arg>${login_password}</arg>
<arg>${investor-password}</arg>
</arguments>
<msg timestamp="20221209 13:40:24.008" level="INFO">Typing password into text field '//input[@id='login_password']'.</msg>
<msg timestamp="20221209 13:40:24.657" level="INFO">Temporally setting log level to: NONE</msg>
<msg timestamp="20221209 13:40:25.019" level="INFO">Log level changed from NONE to INFO.</msg>
<status status="PASS" starttime="20221209 13:40:24.008" endtime="20221209 13:40:25.020"></status>
</kw>
<kw name="Click Element" library="SeleniumLibrary">
<doc>Click the element identified by ``locator``.</doc>
<arguments>
<arg>${login_submit}</arg>
</arguments>
<msg timestamp="20221209 13:40:25.021" level="INFO">Clicking element '//button[@id='login_submit']'.</msg>
<status status="PASS" starttime="20221209 13:40:25.020" endtime="20221209 13:40:25.677"></status>
</kw>
<kw name="Sleep" library="BuiltIn">
<doc>Pauses the test executed for the given time.</doc>
<arguments>
<arg>2</arg>
</arguments>
<msg timestamp="20221209 13:40:27.680" level="INFO">Slept 2 seconds</msg>
<status status="PASS" starttime="20221209 13:40:25.677" endtime="20221209 13:40:27.680"></status>
</kw>
<kw name="Click Element" library="SeleniumLibrary">
<doc>Click the element identified by ``locator``.</doc>
<arguments>
<arg>${pop-up_cancel}</arg>
</arguments>
<msg timestamp="20221209 13:40:27.682" level="INFO">Clicking element '//button[normalize-space()='Cancel']'.</msg>
<status status="PASS" starttime="20221209 13:40:27.681" endtime="20221209 13:40:28.350"></status>
</kw>
<status status="PASS" starttime="20221209 13:40:22.949" endtime="20221209 13:40:28.350"></status>
</kw>
<kw name="Click Element" library="SeleniumLibrary">
<doc>Click the element identified by ``locator``.</doc>
<arguments>
<arg>${my_account_dropdown}</arg>
</arguments>
<msg timestamp="20221209 13:40:28.351" level="INFO">Clicking element '//a[@id='navbarDropdown']'.</msg>
<status status="PASS" starttime="20221209 13:40:28.350" endtime="20221209 13:40:29.015"></status>
</kw>
<kw name="Click Element" library="SeleniumLibrary">
<doc>Click the element identified by ``locator``.</doc>
<arguments>
<arg>${my_account_click}</arg>
</arguments>
<msg timestamp="20221209 13:40:29.017" level="INFO">Clicking element '//app-header/nav[1]/div[2]/div[3]/div[1]/a[1]'.</msg>
<status status="PASS" starttime="20221209 13:40:29.016" endtime="20221209 13:40:29.717"></status>
</kw>
<kw name="Click Element" library="SeleniumLibrary">
<doc>Click the element identified by ``locator``.</doc>
<arguments>
<arg>${profiles}</arg>
</arguments>
<msg timestamp="20221209 13:40:29.718" level="INFO">Clicking element '//li[contains(text(),'Profiles')]'.</msg>
<status status="PASS" starttime="20221209 13:40:29.717" endtime="20221209 13:40:30.401"></status>
</kw>
<kw name="Click Button" library="SeleniumLibrary">
<doc>Clicks the button identified by ``locator``.</doc>
<arguments>
<arg>${add_new_profile}</arg>
</arguments>
<msg timestamp="20221209 13:40:30.403" level="INFO">Clicking button '//button[@id='profile_addnewprofile']'.</msg>
<status status="PASS" starttime="20221209 13:40:30.402" endtime="20221209 13:40:32.036"></status>
</kw>
<kw name="Click Element" library="SeleniumLibrary">
<doc>Click the element identified by ``locator``.</doc>
<arguments>
<arg>${choose_profile_dropdown}</arg>
</arguments>
<msg timestamp="20221209 13:40:32.037" level="INFO">Clicking element '//select[@id='profile_pp_chooseprofile']'.</msg>
<status status="PASS" starttime="20221209 13:40:32.036" endtime="20221209 13:40:32.694"></status>
</kw>
<kw name="Select From List By Label" library="SeleniumLibrary">
<doc>Selects options from selection list ``locator`` by ``labels``.</doc>
<arguments>
<arg>${choose_profile_dropdown}</arg>
<arg>Individual</arg>
</arguments>
<msg timestamp="20221209 13:40:32.695" level="INFO">Selecting options from selection list '//select[@id='profile_pp_chooseprofile']' by label Individual.</msg>
<status status="PASS" starttime="20221209 13:40:32.695" endtime="20221209 13:40:34.926"></status>
</kw>
<kw name="Input Text" library="SeleniumLibrary">
<doc>Types the given ``text`` into the text field identified by ``locator``.</doc>
<arguments>
<arg>${Individual_first_name}</arg>
<arg>Mohanakrishnan</arg>
</arguments>
<msg timestamp="20221209 13:40:34.927" level="INFO">Typing text 'Mohanakrishnan' into text field '//input[@id='profile_pp_if_firstname']'.</msg>
<status status="PASS" starttime="20221209 13:40:34.926" endtime="20221209 13:40:35.944"></status>
</kw>
<kw name="Input Text" library="SeleniumLibrary">
<doc>Types the given ``text`` into the text field identified by ``locator``.</doc>
<arguments>
<arg>${Individual_last_name}</arg>
<arg>Vijayakumar</arg>
</arguments>
<msg timestamp="20221209 13:40:35.945" level="INFO">Typing text 'Vijayakumar' into text field '//input[@id='profile_pp_if_lastname']'.</msg>
<status status="PASS" starttime="20221209 13:40:35.944" endtime="20221209 13:40:36.978"></status>
</kw>
<kw name="Input Text" library="SeleniumLibrary">
<doc>Types the given ``text`` into the text field identified by ``locator``.</doc>
<arguments>
<arg>${Individual_address_feild_one}</arg>
<arg>Address Line One</arg>
</arguments>
<msg timestamp="20221209 13:40:36.979" level="INFO">Typing text 'Address Line One' into text field '//input[@id='profile_pp_if_stadds1']'.</msg>
<status status="PASS" starttime="20221209 13:40:36.978" endtime="20221209 13:40:38.002"></status>
</kw>
<kw name="Input Text" library="SeleniumLibrary">
<doc>Types the given ``text`` into the text field identified by ``locator``.</doc>
<arguments>
<arg>${Individual_address_feild_two}</arg>
<arg>Address Line Two</arg>
</arguments>
<msg timestamp="20221209 13:40:38.003" level="INFO">Typing text 'Address Line Two' into text field '//input[@id='profile_pp_if_stadds2']'.</msg>
<status status="PASS" starttime="20221209 13:40:38.002" endtime="20221209 13:40:39.024"></status>
</kw>
<kw name="Input Text" library="SeleniumLibrary">
<doc>Types the given ``text`` into the text field identified by ``locator``.</doc>
<arguments>
<arg>${Individual_city}</arg>
<arg>Chennai</arg>
</arguments>
<msg timestamp="20221209 13:40:39.026" level="INFO">Typing text 'Chennai' into text field '//input[@id='profile_pp_if_city']'.</msg>
<status status="PASS" starttime="20221209 13:40:39.025" endtime="20221209 13:40:40.037"></status>
</kw>
<kw name="Click Element" library="SeleniumLibrary">
<doc>Click the element identified by ``locator``.</doc>
<arguments>
<arg>${Individual_select_state}</arg>
</arguments>
<msg timestamp="20221209 13:40:40.038" level="INFO">Clicking element '//select[@id='profile_pp_if_province']'.</msg>
<status status="PASS" starttime="20221209 13:40:40.037" endtime="20221209 13:40:40.712"></status>
</kw>
<kw name="Select From List By Label" library="SeleniumLibrary">
<doc>Selects options from selection list ``locator`` by ``labels``.</doc>
<arguments>
<arg>${Individual_select_state}</arg>
<arg>California</arg>
</arguments>
<msg timestamp="20221209 13:40:40.714" level="INFO">Selecting options from selection list '//select[@id='profile_pp_if_province']' by label California.</msg>
<status status="PASS" starttime="20221209 13:40:40.713" endtime="20221209 13:40:42.966"></status>
</kw>
<kw name="Input Text" library="SeleniumLibrary">
<doc>Types the given ``text`` into the text field identified by ``locator``.</doc>
<arguments>
<arg>${Individual_Zipcode}</arg>
<arg>123456789</arg>
</arguments>
<msg timestamp="20221209 13:40:42.967" level="INFO">Typing text '123456789' into text field '//input[@id='profile_pp_if_zipcode']'.</msg>
<status status="PASS" starttime="20221209 13:40:42.966" endtime="20221209 13:40:44.027"></status>
</kw>
<kw name="Click Element" library="SeleniumLibrary">
<doc>Click the element identified by ``locator``.</doc>
<arguments>
<arg>${distribution_method_dropdown}</arg>
</arguments>
<msg timestamp="20221209 13:40:44.028" level="INFO">Clicking element '//select[@id='profile_pp_Distributionmethod']'.</msg>
<status status="PASS" starttime="20221209 13:40:44.028" endtime="20221209 13:40:44.729"></status>
</kw>
<kw name="Select From List By Label" library="SeleniumLibrary">
<doc>Selects options from selection list ``locator`` by ``labels``.</doc>
<arguments>
<arg>${distribution_method_dropdown}</arg>
<arg>Check</arg>
</arguments>
<msg timestamp="20221209 13:40:44.731" level="INFO">Selecting options from selection list '//select[@id='profile_pp_Distributionmethod']' by label Check.</msg>
<status status="PASS" starttime="20221209 13:40:44.730" endtime="20221209 13:40:46.973"></status>
</kw>
<kw name="Scroll Element Into View" library="SeleniumLibrary">
<doc>Scrolls the element identified by ``locator`` into view.</doc>
<arguments>
<arg>${cancel_add_new_profile}</arg>
</arguments>
<status status="PASS" starttime="20221209 13:40:46.974" endtime="20221209 13:40:47.889"></status>
</kw>
<kw name="Input Text" library="SeleniumLibrary">
<doc>Types the given ``text`` into the text field identified by ``locator``.</doc>
<arguments>
<arg>${check_incare_of}</arg>
<arg>Nobody</arg>
</arguments>
<msg timestamp="20221209 13:40:47.890" level="INFO">Typing text 'Nobody' into text field '//input[@id='profile_pp_cf_incareof']'.</msg>
<status status="PASS" starttime="20221209 13:40:47.889" endtime="20221209 13:40:48.933"></status>
</kw>
<kw name="Input Text" library="SeleniumLibrary">
<doc>Types the given ``text`` into the text field identified by ``locator``.</doc>
<arguments>
<arg>${check_address_one}</arg>
<arg>address one</arg>
</arguments>
<msg timestamp="20221209 13:40:48.935" level="INFO">Typing text 'address one' into text field '//input[@id='profile_pp_cf_stadds1']'.</msg>
<status status="PASS" starttime="20221209 13:40:48.934" endtime="20221209 13:40:49.975"></status>
</kw>
<kw name="Input Text" library="SeleniumLibrary">
<doc>Types the given ``text`` into the text field identified by ``locator``.</doc>
<arguments>
<arg>${check_address_two}</arg>
<arg>address two</arg>
</arguments>
<msg timestamp="20221209 13:40:49.977" level="INFO">Typing text 'address two' into text field '//input[@id='profile_pp_cf_stadds2']'.</msg>
<status status="PASS" starttime="20221209 13:40:49.976" endtime="20221209 13:40:51.022"></status>
</kw>
<kw name="Input Text" library="SeleniumLibrary">
<doc>Types the given ``text`` into the text field identified by ``locator``.</doc>
<arguments>
<arg>${check_city}</arg>
<arg>city</arg>
</arguments>
<msg timestamp="20221209 13:40:51.023" level="INFO">Typing text 'city' into text field '//input[@id='profile_pp_cf_city']'.</msg>
<status status="PASS" starttime="20221209 13:40:51.022" endtime="20221209 13:40:52.046"></status>
</kw>
<kw name="Click Element" library="SeleniumLibrary">
<doc>Click the element identified by ``locator``.</doc>
<arguments>
<arg>${check_dis_state}</arg>
</arguments>
<msg timestamp="20221209 13:40:52.048" level="INFO">Clicking element '//select[@id='profile_pp_cf_province']'.</msg>
<status status="PASS" starttime="20221209 13:40:52.047" endtime="20221209 13:40:52.736"></status>
</kw>
<kw name="Select From List By Label" library="SeleniumLibrary">
<doc>Selects options from selection list ``locator`` by ``labels``.</doc>
<arguments>
<arg>${check_dis_state}</arg>
<arg>California</arg>
</arguments>
<msg timestamp="20221209 13:40:52.737" level="INFO">Selecting options from selection list '//select[@id='profile_pp_cf_province']' by label California.</msg>
<status status="PASS" starttime="20221209 13:40:52.736" endtime="20221209 13:40:54.978"></status>
</kw>
<kw name="Input Text" library="SeleniumLibrary">
<doc>Types the given ``text`` into the text field identified by ``locator``.</doc>
<arguments>
<arg>${check_dis_zipcode}</arg>
<arg>9876</arg>
</arguments>
<msg timestamp="20221209 13:40:54.980" level="INFO">Typing text '9876' into text field '//input[@id='profile_pp_cf_zipcode']'.</msg>
<status status="PASS" starttime="20221209 13:40:54.979" endtime="20221209 13:40:56.023"></status>
</kw>
<kw name="Click Button" library="SeleniumLibrary">
<doc>Clicks the button identified by ``locator``.</doc>
<arguments>
<arg>${cancel_add_new_profile}</arg>
</arguments>
<msg timestamp="20221209 13:40:56.024" level="INFO">Clicking button '//button[@id='profile_pp_cf_cancel mt-3']'.</msg>
<status status="PASS" starttime="20221209 13:40:56.023" endtime="20221209 13:40:57.644"></status>
</kw>
<kw name="Logout_KW" library="keywords">
<kw name="Click Element" library="SeleniumLibrary">
<doc>Click the element identified by ``locator``.</doc>
<arguments>
<arg>${logout_dropdown}</arg>
</arguments>
<msg timestamp="20221209 13:40:57.645" level="INFO">Clicking element '//a[@id='navbarDropdown']'.</msg>
<status status="PASS" starttime="20221209 13:40:57.645" endtime="20221209 13:40:58.284"></status>
</kw>
<kw name="Sleep" library="BuiltIn">
<doc>Pauses the test executed for the given time.</doc>
<arguments>
<arg>2</arg>
</arguments>
<msg timestamp="20221209 13:41:00.292" level="INFO">Slept 2 seconds</msg>
<status status="PASS" starttime="20221209 13:40:58.284" endtime="20221209 13:41:00.293"></status>
</kw>
<kw name="Click Element" library="SeleniumLibrary">
<doc>Click the element identified by ``locator``.</doc>
<arguments>
<arg>${logout_click}</arg>
</arguments>
<msg timestamp="20221209 13:41:00.294" level="INFO">Clicking element '//div[@class='nav-item dropdown show']//a[2]'.</msg>
<status status="PASS" starttime="20221209 13:41:00.293" endtime="20221209 13:41:01.598"></status>
</kw>
<status status="PASS" starttime="20221209 13:40:57.644" endtime="20221209 13:41:01.599"></status>
</kw>
<kw name="Close Browser" library="SeleniumLibrary">
<doc>Closes the current browser.</doc>
<status status="PASS" starttime="20221209 13:41:01.599" endtime="20221209 13:41:03.971"></status>
</kw>
<status status="PASS" starttime="20221209 13:39:38.331" endtime="20221209 13:41:03.971" critical="yes"></status>
</test>
<status status="PASS" starttime="20221209 13:39:38.136" endtime="20221209 13:41:03.973"></status>
</suite>
<status status="PASS" starttime="20221209 13:39:38.133" endtime="20221209 13:41:03.977"></status>
</suite>
<status status="PASS" starttime="20221209 13:39:38.131" endtime="20221209 13:41:03.981"></status>
</suite>
<status status="PASS" starttime="20221209 13:39:38.113" endtime="20221209 13:41:03.985"></status>
</suite>
<statistics>
<total>
<stat pass="1" fail="0">Critical Tests</stat>
<stat pass="1" fail="0">All Tests</stat>
</total>
<tag>
</tag>
<suite>
<stat pass="1" fail="0" id="s1" name="Credor-Robot-Framework">Credor-Robot-Framework</stat>
<stat pass="1" fail="0" id="s1-s1" name="Requirements">Credor-Robot-Framework.Requirements</stat>
<stat pass="1" fail="0" id="s1-s1-s1" name="REQ 001 Login Function">Credor-Robot-Framework.Requirements.REQ 001 Login Function</stat>
<stat pass="1" fail="0" id="s1-s1-s1-s1" name="E2E Test">Credor-Robot-Framework.Requirements.REQ 001 Login Function.E2E Test</stat>
</suite>
</statistics>
<errors>
</errors>
</robot>
